Arguments: 
  /usr/local/Cellar/node/9.4.0/bin/node /usr/local/Cellar/yarn/1.3.2/libexec/bin/yarn.js add --dev jest

PATH: 
  /Users/adam/.pyenv/shims:/usr/local/opt/python/libexec/bin:/usr/local/bin:/usr/local/sbin:/usr/bin:/bin:/usr/sbin:/sbin:/usr/local/opt/fzf/bin

Yarn version: 
  1.3.2

Node version: 
  9.4.0

Platform: 
  darwin x64

npm manifest: 
  {
    "name": "typegql",
    "version": "1.0.0",
    "main": "index.js",
    "license": "MIT",
    "jest": {
      "moduleFileExtensions": ["ts", "tsx", "js"],
      "transform": {
        "^.+\\.(ts|tsx)$": "<rootDir>/preprocessor.js"
      },
      "testMatch": ["**/*.spec.(ts|tsx)"]
    }
  }

yarn manifest: 
  No manifest

Lockfile: 
  No lockfile

Trace: 
  Error: https://registry.yarnpkg.com/@babel%2fhighlight: ESOCKETTIMEDOUT
      at ClientRequest.<anonymous> (/usr/local/Cellar/yarn/1.3.2/libexec/lib/cli.js:123716:19)
      at Object.onceWrapper (events.js:255:19)
      at ClientRequest.emit (events.js:160:13)
      at TLSSocket.emitTimeout (_http_client.js:708:34)
      at Object.onceWrapper (events.js:255:19)
      at TLSSocket.emit (events.js:160:13)
      at TLSSocket.Socket._onTimeout (net.js:412:8)
      at ontimeout (timers.js:458:11)
      at tryOnTimeout (timers.js:296:5)
      at Timer.listOnTimeout (timers.js:259:5)
